[0.707s] Invoking command in '/home/mz/ros2_ws/src/o2_sensor_pkg': DEBUGINFOD_URLS=https://debuginfod.ubuntu.com PYTHONPATH=/home/mz/ros2_ws/build/o2_sensor_pkg/prefix_override:/usr/lib/python3/dist-packages/colcon_core/task/python/colcon_distutils_commands:/home/mz/ros2_ws/install/o2_sensor_pkg/lib/python3.12/site-packages:${PYTHONPATH} /usr/bin/python3 -W ignore:setup.py install is deprecated -W ignore:easy_install command is deprecated setup.py egg_info --egg-base ../../build/o2_sensor_pkg build --build-base /home/mz/ros2_ws/build/o2_sensor_pkg/build install --record /home/mz/ros2_ws/build/o2_sensor_pkg/install.log --single-version-externally-managed
[0.948s] running egg_info
[0.966s] writing ../../build/o2_sensor_pkg/o2_sensor_pkg.egg-info/PKG-INFO
[0.967s] writing dependency_links to ../../build/o2_sensor_pkg/o2_sensor_pkg.egg-info/dependency_links.txt
[0.967s] writing entry points to ../../build/o2_sensor_pkg/o2_sensor_pkg.egg-info/entry_points.txt
[0.967s] writing requirements to ../../build/o2_sensor_pkg/o2_sensor_pkg.egg-info/requires.txt
[0.967s] writing top-level names to ../../build/o2_sensor_pkg/o2_sensor_pkg.egg-info/top_level.txt
[1.005s] reading manifest file '../../build/o2_sensor_pkg/o2_sensor_pkg.egg-info/SOURCES.txt'
[1.005s] writing manifest file '../../build/o2_sensor_pkg/o2_sensor_pkg.egg-info/SOURCES.txt'
[1.005s] running build
[1.006s] running build_py
[1.006s] running install
[1.012s] running install_lib
[1.031s] running install_egg_info
[1.050s] removing '/home/mz/ros2_ws/install/o2_sensor_pkg/lib/python3.12/site-packages/o2_sensor_pkg-0.0.0-py3.12.egg-info' (and everything under it)
[1.051s] Copying ../../build/o2_sensor_pkg/o2_sensor_pkg.egg-info to /home/mz/ros2_ws/install/o2_sensor_pkg/lib/python3.12/site-packages/o2_sensor_pkg-0.0.0-py3.12.egg-info
[1.052s] running install_scripts
[1.178s] Installing o2_sensor_node script to /home/mz/ros2_ws/install/o2_sensor_pkg/lib/o2_sensor_pkg
[1.178s] Installing o2_subscriber_node script to /home/mz/ros2_ws/install/o2_sensor_pkg/lib/o2_sensor_pkg
[1.178s] writing list of installed files to '/home/mz/ros2_ws/build/o2_sensor_pkg/install.log'
[1.213s] Invoked command in '/home/mz/ros2_ws/src/o2_sensor_pkg' returned '0': DEBUGINFOD_URLS=https://debuginfod.ubuntu.com PYTHONPATH=/home/mz/ros2_ws/build/o2_sensor_pkg/prefix_override:/usr/lib/python3/dist-packages/colcon_core/task/python/colcon_distutils_commands:/home/mz/ros2_ws/install/o2_sensor_pkg/lib/python3.12/site-packages:${PYTHONPATH} /usr/bin/python3 -W ignore:setup.py install is deprecated -W ignore:easy_install command is deprecated setup.py egg_info --egg-base ../../build/o2_sensor_pkg build --build-base /home/mz/ros2_ws/build/o2_sensor_pkg/build install --record /home/mz/ros2_ws/build/o2_sensor_pkg/install.log --single-version-externally-managed
