[0.014s] Invoking command in '/home/mz/ros2_ws/build/my_package': CMAKE_PREFIX_PATH=${CMAKE_PREFIX_PATH}:/home/mz/ros2_ws/install/o2_sensor_pkg:/opt/ros/jazzy DEBUGINFOD_URLS=https://debuginfod.ubuntu.com /usr/bin/cmake /home/mz/ros2_ws/src/my_package -DAMENT_CMAKE_SYMLINK_INSTALL=1 -DCMAKE_INSTALL_PREFIX=/home/mz/ros2_ws/install/my_package
[0.028s] -- Found ament_cmake: 2.5.4 (/opt/ros/jazzy/share/ament_cmake/cmake)
[0.237s] -- Override CMake install command with custom implementation using symlinks instead of copying resources
[0.266s] -- Found rclcpp: 28.1.13 (/opt/ros/jazzy/share/rclcpp/cmake)
[0.294s] -- Found rosidl_generator_c: 4.6.6 (/opt/ros/jazzy/share/rosidl_generator_c/cmake)
[0.303s] -- Found rosidl_generator_cpp: 4.6.6 (/opt/ros/jazzy/share/rosidl_generator_cpp/cmake)
[0.315s] -- Using all available rosidl_typesupport_c: rosidl_typesupport_fastrtps_c;rosidl_typesupport_introspection_c
[0.329s] -- Using all available rosidl_typesupport_cpp: rosidl_typesupport_fastrtps_cpp;rosidl_typesupport_introspection_cpp
[0.385s] -- Found rmw_implementation_cmake: 7.3.2 (/opt/ros/jazzy/share/rmw_implementation_cmake/cmake)
[0.386s] -- Found rmw_fastrtps_cpp: 8.4.3 (/opt/ros/jazzy/share/rmw_fastrtps_cpp/cmake)
[0.451s] -- Using RMW implementation 'rmw_fastrtps_cpp' as default
[0.512s] -- Found std_msgs: 5.3.6 (/opt/ros/jazzy/share/std_msgs/cmake)
[0.528s] -- Found ament_lint_auto: 0.17.3 (/opt/ros/jazzy/share/ament_lint_auto/cmake)
[0.619s] -- Added test 'lint_cmake' to check CMake code style
[0.620s] -- Added test 'xmllint' to check XML markup files
[0.621s] -- Configuring done (0.6s)
[0.624s] -- Generating done (0.0s)
[0.626s] -- Build files have been written to: /home/mz/ros2_ws/build/my_package
[0.633s] Invoked command in '/home/mz/ros2_ws/build/my_package' returned '0': CMAKE_PREFIX_PATH=${CMAKE_PREFIX_PATH}:/home/mz/ros2_ws/install/o2_sensor_pkg:/opt/ros/jazzy DEBUGINFOD_URLS=https://debuginfod.ubuntu.com /usr/bin/cmake /home/mz/ros2_ws/src/my_package -DAMENT_CMAKE_SYMLINK_INSTALL=1 -DCMAKE_INSTALL_PREFIX=/home/mz/ros2_ws/install/my_package
[0.635s] Invoking command in '/home/mz/ros2_ws/build/my_package': CMAKE_PREFIX_PATH=${CMAKE_PREFIX_PATH}:/home/mz/ros2_ws/install/o2_sensor_pkg:/opt/ros/jazzy DEBUGINFOD_URLS=https://debuginfod.ubuntu.com /usr/bin/cmake --build /home/mz/ros2_ws/build/my_package -- -j8 -l8
[0.668s] Invoked command in '/home/mz/ros2_ws/build/my_package' returned '0': CMAKE_PREFIX_PATH=${CMAKE_PREFIX_PATH}:/home/mz/ros2_ws/install/o2_sensor_pkg:/opt/ros/jazzy DEBUGINFOD_URLS=https://debuginfod.ubuntu.com /usr/bin/cmake --build /home/mz/ros2_ws/build/my_package -- -j8 -l8
[0.677s] Invoking command in '/home/mz/ros2_ws/build/my_package': CMAKE_PREFIX_PATH=${CMAKE_PREFIX_PATH}:/home/mz/ros2_ws/install/o2_sensor_pkg:/opt/ros/jazzy DEBUGINFOD_URLS=https://debuginfod.ubuntu.com /usr/bin/cmake --install /home/mz/ros2_ws/build/my_package
[0.683s] -- Install configuration: ""
[0.683s] -- Execute custom install script
[0.683s] -- Symlinking: /home/mz/ros2_ws/install/my_package/share/ament_index/resource_index/package_run_dependencies/my_package
[0.691s] -- Symlinking: /home/mz/ros2_ws/install/my_package/share/ament_index/resource_index/parent_prefix_path/my_package
[0.698s] -- Symlinking: /home/mz/ros2_ws/install/my_package/share/my_package/environment/ament_prefix_path.sh
[0.706s] -- Symlinking: /home/mz/ros2_ws/install/my_package/share/my_package/environment/ament_prefix_path.dsv
[0.715s] -- Symlinking: /home/mz/ros2_ws/install/my_package/share/my_package/environment/path.sh
[0.725s] -- Symlinking: /home/mz/ros2_ws/install/my_package/share/my_package/environment/path.dsv
[0.734s] -- Symlinking: /home/mz/ros2_ws/install/my_package/share/my_package/local_setup.bash
[0.742s] -- Symlinking: /home/mz/ros2_ws/install/my_package/share/my_package/local_setup.sh
[0.751s] -- Symlinking: /home/mz/ros2_ws/install/my_package/share/my_package/local_setup.zsh
[0.759s] -- Symlinking: /home/mz/ros2_ws/install/my_package/share/my_package/local_setup.dsv
[0.768s] -- Symlinking: /home/mz/ros2_ws/install/my_package/share/my_package/package.dsv
[0.776s] -- Symlinking: /home/mz/ros2_ws/install/my_package/share/ament_index/resource_index/packages/my_package
[0.784s] -- Symlinking: /home/mz/ros2_ws/install/my_package/share/my_package/cmake/my_packageConfig.cmake
[0.791s] -- Symlinking: /home/mz/ros2_ws/install/my_package/share/my_package/cmake/my_packageConfig-version.cmake
[0.799s] -- Symlinking: /home/mz/ros2_ws/install/my_package/share/my_package/package.xml
[0.808s] Invoked command in '/home/mz/ros2_ws/build/my_package' returned '0': CMAKE_PREFIX_PATH=${CMAKE_PREFIX_PATH}:/home/mz/ros2_ws/install/o2_sensor_pkg:/opt/ros/jazzy DEBUGINFOD_URLS=https://debuginfod.ubuntu.com /usr/bin/cmake --install /home/mz/ros2_ws/build/my_package
