[0.084s] DEBUG:colcon:Command line arguments: ['/usr/bin/colcon', 'build']
[0.084s] DEBUG:colcon:Parsed command line arguments: Namespace(log_base=None, log_level=None, verb_name='build', build_base='build', install_base='install', merge_install=False, symlink_install=False, test_result_base=None, continue_on_error=False, executor='parallel', parallel_workers=8, event_handlers=None, ignore_user_meta=False, metas=['./colcon.meta'], base_paths=['.'], packages_ignore=None, packages_ignore_regex=None, paths=None, packages_up_to=None, packages_up_to_regex=None, packages_above=None, packages_above_and_dependencies=None, packages_above_depth=None, packages_select_by_dep=None, packages_skip_by_dep=None, packages_skip_up_to=None, packages_select_build_failed=False, packages_skip_build_finished=False, packages_select_test_failures=False, packages_skip_test_passed=False, packages_select=None, packages_skip=None, packages_select_regex=None, packages_skip_regex=None, packages_start=None, packages_end=None, cmake_args=None, cmake_target=None, cmake_target_skip_unavailable=False, cmake_clean_cache=False, cmake_clean_first=False, cmake_force_configure=False, ament_cmake_args=None, catkin_cmake_args=None, catkin_skip_building_tests=False, verb_parser=<colcon_defaults.argument_parser.defaults.DefaultArgumentsDecorator object at 0x770ebb8e3dd0>, verb_extension=<colcon_core.verb.build.BuildVerb object at 0x770ebb8e3b00>, main=<bound method BuildVerb.main of <colcon_core.verb.build.BuildVerb object at 0x770ebb8e3b00>>)
[0.115s] Level 1:colcon.colcon_core.package_discovery:discover_packages(colcon_meta) check parameters
[0.115s] Level 1:colcon.colcon_core.package_discovery:discover_packages(recursive) check parameters
[0.115s] Level 1:colcon.colcon_core.package_discovery:discover_packages(ignore) check parameters
[0.115s] Level 1:colcon.colcon_core.package_discovery:discover_packages(path) check parameters
[0.115s] Level 1:colcon.colcon_core.package_discovery:discover_packages(colcon_meta) discover
[0.115s] Level 1:colcon.colcon_core.package_discovery:discover_packages(recursive) discover
[0.115s] INFO:colcon.colcon_core.package_discovery:Crawling recursively for packages in '/home/mz/ros2_ws'
[0.115s] Level 1:colcon.colcon_core.package_identification:_identify(.) by extensions ['ignore', 'ignore_ament_install']
[0.115s] Level 1:colcon.colcon_core.package_identification:_identify(.) by extension 'ignore'
[0.115s] Level 1:colcon.colcon_core.package_identification:_identify(.) by extension 'ignore_ament_install'
[0.115s] Level 1:colcon.colcon_core.package_identification:_identify(.) by extensions ['colcon_pkg']
[0.115s] Level 1:colcon.colcon_core.package_identification:_identify(.) by extension 'colcon_pkg'
[0.115s] Level 1:colcon.colcon_core.package_identification:_identify(.) by extensions ['colcon_meta']
[0.115s] Level 1:colcon.colcon_core.package_identification:_identify(.) by extension 'colcon_meta'
[0.115s] Level 1:colcon.colcon_core.package_identification:_identify(.) by extensions ['ros']
[0.115s] Level 1:colcon.colcon_core.package_identification:_identify(.) by extension 'ros'
[0.135s] Level 1:colcon.colcon_core.package_identification:_identify(.) by extensions ['cmake', 'python']
[0.135s] Level 1:colcon.colcon_core.package_identification:_identify(.) by extension 'cmake'
[0.135s] Level 1:colcon.colcon_core.package_identification:_identify(.) by extension 'python'
[0.135s] Level 1:colcon.colcon_core.package_identification:_identify(.) by extensions ['python_setup_py']
[0.135s] Level 1:colcon.colcon_core.package_identification:_identify(.) by extension 'python_setup_py'
[0.135s] Level 1:colcon.colcon_core.package_identification:_identify(build) by extensions ['ignore', 'ignore_ament_install']
[0.135s] Level 1:colcon.colcon_core.package_identification:_identify(build) by extension 'ignore'
[0.135s] Level 1:colcon.colcon_core.package_identification:_identify(build) ignored
[0.135s] Level 1:colcon.colcon_core.package_identification:_identify(install) by extensions ['ignore', 'ignore_ament_install']
[0.136s] Level 1:colcon.colcon_core.package_identification:_identify(install) by extension 'ignore'
[0.136s] Level 1:colcon.colcon_core.package_identification:_identify(install) ignored
[0.136s] Level 1:colcon.colcon_core.package_identification:_identify(log) by extensions ['ignore', 'ignore_ament_install']
[0.136s] Level 1:colcon.colcon_core.package_identification:_identify(log) by extension 'ignore'
[0.136s] Level 1:colcon.colcon_core.package_identification:_identify(log) ignored
[0.136s] Level 1:colcon.colcon_core.package_identification:_identify(src) by extensions ['ignore', 'ignore_ament_install']
[0.136s] Level 1:colcon.colcon_core.package_identification:_identify(src) by extension 'ignore'
[0.136s] Level 1:colcon.colcon_core.package_identification:_identify(src) by extension 'ignore_ament_install'
[0.136s] Level 1:colcon.colcon_core.package_identification:_identify(src) by extensions ['colcon_pkg']
[0.136s] Level 1:colcon.colcon_core.package_identification:_identify(src) by extension 'colcon_pkg'
[0.136s] Level 1:colcon.colcon_core.package_identification:_identify(src) by extensions ['colcon_meta']
[0.136s] Level 1:colcon.colcon_core.package_identification:_identify(src) by extension 'colcon_meta'
[0.136s] Level 1:colcon.colcon_core.package_identification:_identify(src) by extensions ['ros']
[0.136s] Level 1:colcon.colcon_core.package_identification:_identify(src) by extension 'ros'
[0.136s] Level 1:colcon.colcon_core.package_identification:_identify(src) by extensions ['cmake', 'python']
[0.136s] Level 1:colcon.colcon_core.package_identification:_identify(src) by extension 'cmake'
[0.136s] Level 1:colcon.colcon_core.package_identification:_identify(src) by extension 'python'
[0.136s] Level 1:colcon.colcon_core.package_identification:_identify(src) by extensions ['python_setup_py']
[0.136s] Level 1:colcon.colcon_core.package_identification:_identify(src) by extension 'python_setup_py'
[0.136s] Level 1:colcon.colcon_core.package_identification:_identify(src/my_package) by extensions ['ignore', 'ignore_ament_install']
[0.136s] Level 1:colcon.colcon_core.package_identification:_identify(src/my_package) by extension 'ignore'
[0.136s] Level 1:colcon.colcon_core.package_identification:_identify(src/my_package) by extension 'ignore_ament_install'
[0.136s] Level 1:colcon.colcon_core.package_identification:_identify(src/my_package) by extensions ['colcon_pkg']
[0.136s] Level 1:colcon.colcon_core.package_identification:_identify(src/my_package) by extension 'colcon_pkg'
[0.136s] Level 1:colcon.colcon_core.package_identification:_identify(src/my_package) by extensions ['colcon_meta']
[0.136s] Level 1:colcon.colcon_core.package_identification:_identify(src/my_package) by extension 'colcon_meta'
[0.136s] Level 1:colcon.colcon_core.package_identification:_identify(src/my_package) by extensions ['ros']
[0.137s] Level 1:colcon.colcon_core.package_identification:_identify(src/my_package) by extension 'ros'
[0.138s] DEBUG:colcon.colcon_core.package_identification:Package 'src/my_package' with type 'ros.ament_cmake' and name 'my_package'
[0.138s] Level 1:colcon.colcon_core.package_identification:_identify(src/o2_sensor_pkg) by extensions ['ignore', 'ignore_ament_install']
[0.138s] Level 1:colcon.colcon_core.package_identification:_identify(src/o2_sensor_pkg) by extension 'ignore'
[0.139s] Level 1:colcon.colcon_core.package_identification:_identify(src/o2_sensor_pkg) by extension 'ignore_ament_install'
[0.139s] Level 1:colcon.colcon_core.package_identification:_identify(src/o2_sensor_pkg) by extensions ['colcon_pkg']
[0.139s] Level 1:colcon.colcon_core.package_identification:_identify(src/o2_sensor_pkg) by extension 'colcon_pkg'
[0.139s] Level 1:colcon.colcon_core.package_identification:_identify(src/o2_sensor_pkg) by extensions ['colcon_meta']
[0.139s] Level 1:colcon.colcon_core.package_identification:_identify(src/o2_sensor_pkg) by extension 'colcon_meta'
[0.139s] Level 1:colcon.colcon_core.package_identification:_identify(src/o2_sensor_pkg) by extensions ['ros']
[0.139s] Level 1:colcon.colcon_core.package_identification:_identify(src/o2_sensor_pkg) by extension 'ros'
[0.139s] DEBUG:colcon.colcon_core.package_identification:Package 'src/o2_sensor_pkg' with type 'ros.ament_python' and name 'o2_sensor_pkg'
[0.139s] Level 1:colcon.colcon_core.package_discovery:discover_packages(recursive) using defaults
[0.139s] Level 1:colcon.colcon_core.package_discovery:discover_packages(ignore) discover
[0.139s] Level 1:colcon.colcon_core.package_discovery:discover_packages(ignore) using defaults
[0.139s] Level 1:colcon.colcon_core.package_discovery:discover_packages(path) discover
[0.139s] Level 1:colcon.colcon_core.package_discovery:discover_packages(path) using defaults
[0.154s] Level 5:colcon.colcon_core.verb:set package 'my_package' build argument 'cmake_args' from command line to 'None'
[0.154s] Level 5:colcon.colcon_core.verb:set package 'my_package' build argument 'cmake_target' from command line to 'None'
[0.154s] Level 5:colcon.colcon_core.verb:set package 'my_package' build argument 'cmake_target_skip_unavailable' from command line to 'False'
[0.154s] Level 5:colcon.colcon_core.verb:set package 'my_package' build argument 'cmake_clean_cache' from command line to 'False'
[0.154s] Level 5:colcon.colcon_core.verb:set package 'my_package' build argument 'cmake_clean_first' from command line to 'False'
[0.154s] Level 5:colcon.colcon_core.verb:set package 'my_package' build argument 'cmake_force_configure' from command line to 'False'
[0.154s] Level 5:colcon.colcon_core.verb:set package 'my_package' build argument 'ament_cmake_args' from command line to 'None'
[0.154s] Level 5:colcon.colcon_core.verb:set package 'my_package' build argument 'catkin_cmake_args' from command line to 'None'
[0.154s] Level 5:colcon.colcon_core.verb:set package 'my_package' build argument 'catkin_skip_building_tests' from command line to 'False'
[0.154s] DEBUG:colcon.colcon_core.verb:Building package 'my_package' with the following arguments: {'ament_cmake_args': None, 'build_base': '/home/mz/ros2_ws/build/my_package', 'catkin_cmake_args': None, 'catkin_skip_building_tests': False, 'cmake_args': None, 'cmake_clean_cache': False, 'cmake_clean_first': False, 'cmake_force_configure': False, 'cmake_target': None, 'cmake_target_skip_unavailable': False, 'install_base': '/home/mz/ros2_ws/install/my_package', 'merge_install': False, 'path': '/home/mz/ros2_ws/src/my_package', 'symlink_install': False, 'test_result_base': None}
[0.154s] Level 5:colcon.colcon_core.verb:set package 'o2_sensor_pkg' build argument 'cmake_args' from command line to 'None'
[0.155s] Level 5:colcon.colcon_core.verb:set package 'o2_sensor_pkg' build argument 'cmake_target' from command line to 'None'
[0.155s] Level 5:colcon.colcon_core.verb:set package 'o2_sensor_pkg' build argument 'cmake_target_skip_unavailable' from command line to 'False'
[0.155s] Level 5:colcon.colcon_core.verb:set package 'o2_sensor_pkg' build argument 'cmake_clean_cache' from command line to 'False'
[0.155s] Level 5:colcon.colcon_core.verb:set package 'o2_sensor_pkg' build argument 'cmake_clean_first' from command line to 'False'
[0.155s] Level 5:colcon.colcon_core.verb:set package 'o2_sensor_pkg' build argument 'cmake_force_configure' from command line to 'False'
[0.155s] Level 5:colcon.colcon_core.verb:set package 'o2_sensor_pkg' build argument 'ament_cmake_args' from command line to 'None'
[0.155s] Level 5:colcon.colcon_core.verb:set package 'o2_sensor_pkg' build argument 'catkin_cmake_args' from command line to 'None'
[0.155s] Level 5:colcon.colcon_core.verb:set package 'o2_sensor_pkg' build argument 'catkin_skip_building_tests' from command line to 'False'
[0.155s] DEBUG:colcon.colcon_core.verb:Building package 'o2_sensor_pkg' with the following arguments: {'ament_cmake_args': None, 'build_base': '/home/mz/ros2_ws/build/o2_sensor_pkg', 'catkin_cmake_args': None, 'catkin_skip_building_tests': False, 'cmake_args': None, 'cmake_clean_cache': False, 'cmake_clean_first': False, 'cmake_force_configure': False, 'cmake_target': None, 'cmake_target_skip_unavailable': False, 'install_base': '/home/mz/ros2_ws/install/o2_sensor_pkg', 'merge_install': False, 'path': '/home/mz/ros2_ws/src/o2_sensor_pkg', 'symlink_install': False, 'test_result_base': None}
[0.155s] INFO:colcon.colcon_core.executor:Executing jobs using 'parallel' executor
[0.155s] DEBUG:colcon.colcon_parallel_executor.executor.parallel:run_until_complete
[0.156s] INFO:colcon.colcon_ros.task.ament_cmake.build:Building ROS package in '/home/mz/ros2_ws/src/my_package' with build type 'ament_cmake'
[0.156s] INFO:colcon.colcon_cmake.task.cmake.build:Building CMake package in '/home/mz/ros2_ws/src/my_package'
[0.157s] INFO:colcon.colcon_core.plugin_system:Skipping extension 'colcon_core.shell.bat': Not used on non-Windows systems
[0.158s] DEBUG:colcon.colcon_core.shell:Skip shell extension 'dsv' for command environment
[0.158s] WARNING:colcon.colcon_ros.prefix_path.ament:The path '/home/mz/ros2_ws/install/o2_sensor_pkg' in the environment variable AMENT_PREFIX_PATH doesn't exist
[0.158s] WARNING:colcon.colcon_ros.prefix_path.ament:The path '/home/mz/ros2_ws/install/my_package' in the environment variable AMENT_PREFIX_PATH doesn't exist
[0.158s] WARNING:colcon.colcon_ros.prefix_path.catkin:The path '/home/mz/ros2_ws/install/my_package' in the environment variable CMAKE_PREFIX_PATH doesn't exist
[0.161s] INFO:colcon.colcon_ros.task.ament_python.build:Building ROS package in '/home/mz/ros2_ws/src/o2_sensor_pkg' with build type 'ament_python'
[0.161s] Level 1:colcon.colcon_core.shell:create_environment_hook('o2_sensor_pkg', 'ament_prefix_path')
[0.161s] INFO:colcon.colcon_core.shell:Creating environment descriptor '/home/mz/ros2_ws/install/o2_sensor_pkg/share/o2_sensor_pkg/hook/ament_prefix_path.dsv'
[0.162s] INFO:colcon.colcon_core.shell:Creating environment hook '/home/mz/ros2_ws/install/o2_sensor_pkg/share/o2_sensor_pkg/hook/ament_prefix_path.sh'
[0.163s] DEBUG:colcon.colcon_core.shell:Skip shell extension 'dsv' for command environment
[0.170s] DEBUG:colcon.colcon_core.event_handler.log_command:Invoking command in '/home/mz/ros2_ws/build/my_package': CMAKE_PREFIX_PATH=${CMAKE_PREFIX_PATH}:/home/mz/ros2_ws/install/o2_sensor_pkg:/opt/ros/jazzy DEBUGINFOD_URLS=https://debuginfod.ubuntu.com /usr/bin/cmake /home/mz/ros2_ws/src/my_package -DCMAKE_INSTALL_PREFIX=/home/mz/ros2_ws/install/my_package
[0.368s] WARNING:colcon.colcon_ros.task.ament_python.build:Package 'o2_sensor_pkg' doesn't explicitly install a marker in the package index (colcon-ros currently does it implicitly but that fallback will be removed in the future)
[0.368s] WARNING:colcon.colcon_ros.task.ament_python.build:Package 'o2_sensor_pkg' doesn't explicitly install the 'package.xml' file (colcon-ros currently does it implicitly but that fallback will be removed in the future)
[0.368s] INFO:colcon.colcon_core.task.python.build:Building Python package in '/home/mz/ros2_ws/src/o2_sensor_pkg'
[0.368s] DEBUG:colcon.colcon_core.shell:Skip shell extension 'dsv' for command environment
[0.925s] DEBUG:colcon.colcon_core.event_handler.log_command:Invoking command in '/home/mz/ros2_ws/src/o2_sensor_pkg': DEBUGINFOD_URLS=https://debuginfod.ubuntu.com PYTHONPATH=/home/mz/ros2_ws/build/o2_sensor_pkg/prefix_override:/usr/lib/python3/dist-packages/colcon_core/task/python/colcon_distutils_commands:/home/mz/ros2_ws/install/o2_sensor_pkg/lib/python3.12/site-packages:${PYTHONPATH} /usr/bin/python3 -W ignore:setup.py install is deprecated -W ignore:easy_install command is deprecated setup.py egg_info --egg-base ../../build/o2_sensor_pkg build --build-base /home/mz/ros2_ws/build/o2_sensor_pkg/build install --record /home/mz/ros2_ws/build/o2_sensor_pkg/install.log --single-version-externally-managed
[1.445s] DEBUG:colcon.colcon_core.event_handler.log_command:Invoked command in '/home/mz/ros2_ws/src/o2_sensor_pkg' returned '0': DEBUGINFOD_URLS=https://debuginfod.ubuntu.com PYTHONPATH=/home/mz/ros2_ws/build/o2_sensor_pkg/prefix_override:/usr/lib/python3/dist-packages/colcon_core/task/python/colcon_distutils_commands:/home/mz/ros2_ws/install/o2_sensor_pkg/lib/python3.12/site-packages:${PYTHONPATH} /usr/bin/python3 -W ignore:setup.py install is deprecated -W ignore:easy_install command is deprecated setup.py egg_info --egg-base ../../build/o2_sensor_pkg build --build-base /home/mz/ros2_ws/build/o2_sensor_pkg/build install --record /home/mz/ros2_ws/build/o2_sensor_pkg/install.log --single-version-externally-managed
[1.447s] Level 1:colcon.colcon_core.environment:checking '/home/mz/ros2_ws/install/o2_sensor_pkg' for CMake module files
[1.448s] Level 1:colcon.colcon_core.environment:checking '/home/mz/ros2_ws/install/o2_sensor_pkg' for CMake config files
[1.448s] Level 1:colcon.colcon_core.environment:checking '/home/mz/ros2_ws/install/o2_sensor_pkg/lib'
[1.448s] Level 1:colcon.colcon_core.environment:checking '/home/mz/ros2_ws/install/o2_sensor_pkg/bin'
[1.448s] Level 1:colcon.colcon_core.environment:checking '/home/mz/ros2_ws/install/o2_sensor_pkg/lib/pkgconfig/o2_sensor_pkg.pc'
[1.449s] Level 1:colcon.colcon_core.environment:checking '/home/mz/ros2_ws/install/o2_sensor_pkg/lib/python3.12/site-packages'
[1.449s] Level 1:colcon.colcon_core.shell:create_environment_hook('o2_sensor_pkg', 'pythonpath')
[1.449s] INFO:colcon.colcon_core.shell:Creating environment descriptor '/home/mz/ros2_ws/install/o2_sensor_pkg/share/o2_sensor_pkg/hook/pythonpath.dsv'
[1.449s] INFO:colcon.colcon_core.shell:Creating environment hook '/home/mz/ros2_ws/install/o2_sensor_pkg/share/o2_sensor_pkg/hook/pythonpath.sh'
[1.450s] Level 1:colcon.colcon_core.environment:checking '/home/mz/ros2_ws/install/o2_sensor_pkg/bin'
[1.450s] Level 1:colcon.colcon_core.environment:create_environment_scripts_only(o2_sensor_pkg)
[1.450s] INFO:colcon.colcon_core.shell:Creating package descriptor '/home/mz/ros2_ws/install/o2_sensor_pkg/share/o2_sensor_pkg/package.dsv'
[1.451s] INFO:colcon.colcon_core.shell:Creating package script '/home/mz/ros2_ws/install/o2_sensor_pkg/share/o2_sensor_pkg/package.sh'
[1.451s] INFO:colcon.colcon_core.shell:Creating package script '/home/mz/ros2_ws/install/o2_sensor_pkg/share/o2_sensor_pkg/package.bash'
[1.452s] INFO:colcon.colcon_core.shell:Creating package script '/home/mz/ros2_ws/install/o2_sensor_pkg/share/o2_sensor_pkg/package.zsh'
[1.452s] Level 1:colcon.colcon_core.environment:create_file_with_runtime_dependencies(/home/mz/ros2_ws/install/o2_sensor_pkg/share/colcon-core/packages/o2_sensor_pkg)
[1.477s] DEBUG:colcon.colcon_core.event_handler.log_command:Invoked command in '/home/mz/ros2_ws/build/my_package' returned '0': CMAKE_PREFIX_PATH=${CMAKE_PREFIX_PATH}:/home/mz/ros2_ws/install/o2_sensor_pkg:/opt/ros/jazzy DEBUGINFOD_URLS=https://debuginfod.ubuntu.com /usr/bin/cmake /home/mz/ros2_ws/src/my_package -DCMAKE_INSTALL_PREFIX=/home/mz/ros2_ws/install/my_package
[1.479s] DEBUG:colcon.colcon_core.event_handler.log_command:Invoking command in '/home/mz/ros2_ws/build/my_package': CMAKE_PREFIX_PATH=${CMAKE_PREFIX_PATH}:/home/mz/ros2_ws/install/o2_sensor_pkg:/opt/ros/jazzy DEBUGINFOD_URLS=https://debuginfod.ubuntu.com /usr/bin/cmake --build /home/mz/ros2_ws/build/my_package -- -j8 -l8
[1.517s] DEBUG:colcon.colcon_core.event_handler.log_command:Invoked command in '/home/mz/ros2_ws/build/my_package' returned '0': CMAKE_PREFIX_PATH=${CMAKE_PREFIX_PATH}:/home/mz/ros2_ws/install/o2_sensor_pkg:/opt/ros/jazzy DEBUGINFOD_URLS=https://debuginfod.ubuntu.com /usr/bin/cmake --build /home/mz/ros2_ws/build/my_package -- -j8 -l8
[1.526s] DEBUG:colcon.colcon_core.event_handler.log_command:Invoking command in '/home/mz/ros2_ws/build/my_package': CMAKE_PREFIX_PATH=${CMAKE_PREFIX_PATH}:/home/mz/ros2_ws/install/o2_sensor_pkg:/opt/ros/jazzy DEBUGINFOD_URLS=https://debuginfod.ubuntu.com /usr/bin/cmake --install /home/mz/ros2_ws/build/my_package
[1.536s] Level 1:colcon.colcon_core.environment:create_environment_scripts_only(my_package)
[1.537s] Level 1:colcon.colcon_core.environment:checking '/home/mz/ros2_ws/install/my_package' for CMake module files
[1.537s] DEBUG:colcon.colcon_core.event_handler.log_command:Invoked command in '/home/mz/ros2_ws/build/my_package' returned '0': CMAKE_PREFIX_PATH=${CMAKE_PREFIX_PATH}:/home/mz/ros2_ws/install/o2_sensor_pkg:/opt/ros/jazzy DEBUGINFOD_URLS=https://debuginfod.ubuntu.com /usr/bin/cmake --install /home/mz/ros2_ws/build/my_package
[1.537s] Level 1:colcon.colcon_core.environment:checking '/home/mz/ros2_ws/install/my_package' for CMake config files
[1.537s] Level 1:colcon.colcon_core.shell:create_environment_hook('my_package', 'cmake_prefix_path')
[1.537s] INFO:colcon.colcon_core.shell:Creating environment descriptor '/home/mz/ros2_ws/install/my_package/share/my_package/hook/cmake_prefix_path.dsv'
[1.538s] INFO:colcon.colcon_core.shell:Creating environment hook '/home/mz/ros2_ws/install/my_package/share/my_package/hook/cmake_prefix_path.sh'
[1.538s] Level 1:colcon.colcon_core.environment:checking '/home/mz/ros2_ws/install/my_package/bin'
[1.538s] Level 1:colcon.colcon_core.environment:checking '/home/mz/ros2_ws/install/my_package/lib/pkgconfig/my_package.pc'
[1.538s] Level 1:colcon.colcon_core.environment:checking '/home/mz/ros2_ws/install/my_package/lib/python3.12/site-packages'
[1.539s] Level 1:colcon.colcon_core.environment:checking '/home/mz/ros2_ws/install/my_package/bin'
[1.539s] INFO:colcon.colcon_core.shell:Creating package descriptor '/home/mz/ros2_ws/install/my_package/share/my_package/package.dsv'
[1.539s] INFO:colcon.colcon_core.shell:Creating package script '/home/mz/ros2_ws/install/my_package/share/my_package/package.sh'
[1.540s] INFO:colcon.colcon_core.shell:Creating package script '/home/mz/ros2_ws/install/my_package/share/my_package/package.bash'
[1.540s] INFO:colcon.colcon_core.shell:Creating package script '/home/mz/ros2_ws/install/my_package/share/my_package/package.zsh'
[1.540s] Level 1:colcon.colcon_core.environment:create_file_with_runtime_dependencies(/home/mz/ros2_ws/install/my_package/share/colcon-core/packages/my_package)
[1.540s] Level 1:colcon.colcon_core.environment:create_environment_scripts_only(my_package)
[1.541s] Level 1:colcon.colcon_core.environment:checking '/home/mz/ros2_ws/install/my_package' for CMake module files
[1.541s] Level 1:colcon.colcon_core.environment:checking '/home/mz/ros2_ws/install/my_package' for CMake config files
[1.541s] Level 1:colcon.colcon_core.shell:create_environment_hook('my_package', 'cmake_prefix_path')
[1.541s] INFO:colcon.colcon_core.shell:Creating environment descriptor '/home/mz/ros2_ws/install/my_package/share/my_package/hook/cmake_prefix_path.dsv'
[1.541s] INFO:colcon.colcon_core.shell:Creating environment hook '/home/mz/ros2_ws/install/my_package/share/my_package/hook/cmake_prefix_path.sh'
[1.542s] Level 1:colcon.colcon_core.environment:checking '/home/mz/ros2_ws/install/my_package/bin'
[1.542s] Level 1:colcon.colcon_core.environment:checking '/home/mz/ros2_ws/install/my_package/lib/pkgconfig/my_package.pc'
[1.542s] Level 1:colcon.colcon_core.environment:checking '/home/mz/ros2_ws/install/my_package/lib/python3.12/site-packages'
[1.542s] Level 1:colcon.colcon_core.environment:checking '/home/mz/ros2_ws/install/my_package/bin'
[1.542s] INFO:colcon.colcon_core.shell:Creating package descriptor '/home/mz/ros2_ws/install/my_package/share/my_package/package.dsv'
[1.543s] INFO:colcon.colcon_core.shell:Creating package script '/home/mz/ros2_ws/install/my_package/share/my_package/package.sh'
[1.543s] INFO:colcon.colcon_core.shell:Creating package script '/home/mz/ros2_ws/install/my_package/share/my_package/package.bash'
[1.543s] INFO:colcon.colcon_core.shell:Creating package script '/home/mz/ros2_ws/install/my_package/share/my_package/package.zsh'
[1.544s] Level 1:colcon.colcon_core.environment:create_file_with_runtime_dependencies(/home/mz/ros2_ws/install/my_package/share/colcon-core/packages/my_package)
[1.544s] DEBUG:colcon.colcon_parallel_executor.executor.parallel:closing loop
[1.544s] DEBUG:colcon.colcon_parallel_executor.executor.parallel:loop closed
[1.544s] DEBUG:colcon.colcon_parallel_executor.executor.parallel:run_until_complete finished with '0'
[1.544s] DEBUG:colcon.colcon_core.event_reactor:joining thread
[1.549s] INFO:colcon.colcon_core.plugin_system:Skipping extension 'colcon_notification.desktop_notification.terminal_notifier': Not used on non-Darwin systems
[1.549s] INFO:colcon.colcon_core.plugin_system:Skipping extension 'colcon_notification.desktop_notification.win32': Not used on non-Windows systems
[1.549s] INFO:colcon.colcon_notification.desktop_notification:Sending desktop notification using 'notify2'
[1.563s] DEBUG:colcon.colcon_core.event_reactor:joined thread
[1.563s] INFO:colcon.colcon_core.shell:Creating prefix script '/home/mz/ros2_ws/install/local_setup.sh'
[1.564s] INFO:colcon.colcon_core.shell:Creating prefix util module '/home/mz/ros2_ws/install/_local_setup_util_sh.py'
[1.565s] INFO:colcon.colcon_core.shell:Creating prefix chain script '/home/mz/ros2_ws/install/setup.sh'
[1.566s] INFO:colcon.colcon_core.shell:Creating prefix script '/home/mz/ros2_ws/install/local_setup.bash'
[1.567s] INFO:colcon.colcon_core.shell:Creating prefix chain script '/home/mz/ros2_ws/install/setup.bash'
[1.567s] INFO:colcon.colcon_core.shell:Creating prefix script '/home/mz/ros2_ws/install/local_setup.zsh'
[1.568s] INFO:colcon.colcon_core.shell:Creating prefix chain script '/home/mz/ros2_ws/install/setup.zsh'
