[0.014s] Invoking command in '/home/mz/ros2_ws/build/my_package': CMAKE_PREFIX_PATH=${CMAKE_PREFIX_PATH}:/home/mz/ros2_ws/install/o2_sensor_pkg:/opt/ros/jazzy DEBUGINFOD_URLS=https://debuginfod.ubuntu.com /usr/bin/cmake --build /home/mz/ros2_ws/build/my_package -- -j8 -l8
[0.211s] Invoked command in '/home/mz/ros2_ws/build/my_package' returned '0': CMAKE_PREFIX_PATH=${CMAKE_PREFIX_PATH}:/home/mz/ros2_ws/install/o2_sensor_pkg:/opt/ros/jazzy DEBUGINFOD_URLS=https://debuginfod.ubuntu.com /usr/bin/cmake --build /home/mz/ros2_ws/build/my_package -- -j8 -l8
[0.220s] Invoking command in '/home/mz/ros2_ws/build/my_package': CMAKE_PREFIX_PATH=${CMAKE_PREFIX_PATH}:/home/mz/ros2_ws/install/o2_sensor_pkg:/opt/ros/jazzy DEBUGINFOD_URLS=https://debuginfod.ubuntu.com /usr/bin/cmake --install /home/mz/ros2_ws/build/my_package
[0.228s] -- Install configuration: ""
[0.228s] -- Execute custom install script
[0.229s] -- Up-to-date symlink: /home/mz/ros2_ws/install/my_package/share/ament_index/resource_index/package_run_dependencies/my_package
[0.229s] -- Up-to-date symlink: /home/mz/ros2_ws/install/my_package/share/ament_index/resource_index/parent_prefix_path/my_package
[0.229s] -- Up-to-date symlink: /home/mz/ros2_ws/install/my_package/share/my_package/environment/ament_prefix_path.sh
[0.230s] -- Up-to-date symlink: /home/mz/ros2_ws/install/my_package/share/my_package/environment/ament_prefix_path.dsv
[0.230s] -- Up-to-date symlink: /home/mz/ros2_ws/install/my_package/share/my_package/environment/path.sh
[0.230s] -- Up-to-date symlink: /home/mz/ros2_ws/install/my_package/share/my_package/environment/path.dsv
[0.230s] -- Up-to-date symlink: /home/mz/ros2_ws/install/my_package/share/my_package/local_setup.bash
[0.230s] -- Up-to-date symlink: /home/mz/ros2_ws/install/my_package/share/my_package/local_setup.sh
[0.231s] -- Up-to-date symlink: /home/mz/ros2_ws/install/my_package/share/my_package/local_setup.zsh
[0.231s] -- Up-to-date symlink: /home/mz/ros2_ws/install/my_package/share/my_package/local_setup.dsv
[0.231s] -- Symlinking: /home/mz/ros2_ws/install/my_package/share/my_package/package.dsv
[0.240s] -- Up-to-date symlink: /home/mz/ros2_ws/install/my_package/share/ament_index/resource_index/packages/my_package
[0.240s] -- Up-to-date symlink: /home/mz/ros2_ws/install/my_package/share/my_package/cmake/my_packageConfig.cmake
[0.240s] -- Up-to-date symlink: /home/mz/ros2_ws/install/my_package/share/my_package/cmake/my_packageConfig-version.cmake
[0.241s] -- Up-to-date symlink: /home/mz/ros2_ws/install/my_package/share/my_package/package.xml
[0.242s] Invoked command in '/home/mz/ros2_ws/build/my_package' returned '0': CMAKE_PREFIX_PATH=${CMAKE_PREFIX_PATH}:/home/mz/ros2_ws/install/o2_sensor_pkg:/opt/ros/jazzy DEBUGINFOD_URLS=https://debuginfod.ubuntu.com /usr/bin/cmake --install /home/mz/ros2_ws/build/my_package
