[0.019s] Invoking command in '/home/mz/ros2_ws/build/my_package': CMAKE_PREFIX_PATH=${CMAKE_PREFIX_PATH}:/home/mz/ros2_ws/install/o2_sensor_pkg:/opt/ros/jazzy DEBUGINFOD_URLS=https://debuginfod.ubuntu.com /usr/bin/cmake --build /home/mz/ros2_ws/build/my_package -- -j8 -l8
[0.247s] Invoked command in '/home/mz/ros2_ws/build/my_package' returned '0': CMAKE_PREFIX_PATH=${CMAKE_PREFIX_PATH}:/home/mz/ros2_ws/install/o2_sensor_pkg:/opt/ros/jazzy DEBUGINFOD_URLS=https://debuginfod.ubuntu.com /usr/bin/cmake --build /home/mz/ros2_ws/build/my_package -- -j8 -l8
[0.256s] Invoking command in '/home/mz/ros2_ws/build/my_package': CMAKE_PREFIX_PATH=${CMAKE_PREFIX_PATH}:/home/mz/ros2_ws/install/o2_sensor_pkg:/opt/ros/jazzy DEBUGINFOD_URLS=https://debuginfod.ubuntu.com /usr/bin/cmake --install /home/mz/ros2_ws/build/my_package
[0.263s] -- Install configuration: ""
[0.264s] -- Execute custom install script
[0.264s] -- Up-to-date symlink: /home/mz/ros2_ws/install/my_package/share/ament_index/resource_index/package_run_dependencies/my_package
[0.265s] -- Up-to-date symlink: /home/mz/ros2_ws/install/my_package/share/ament_index/resource_index/parent_prefix_path/my_package
[0.265s] -- Up-to-date symlink: /home/mz/ros2_ws/install/my_package/share/my_package/environment/ament_prefix_path.sh
[0.265s] -- Up-to-date symlink: /home/mz/ros2_ws/install/my_package/share/my_package/environment/ament_prefix_path.dsv
[0.265s] -- Up-to-date symlink: /home/mz/ros2_ws/install/my_package/share/my_package/environment/path.sh
[0.265s] -- Up-to-date symlink: /home/mz/ros2_ws/install/my_package/share/my_package/environment/path.dsv
[0.266s] -- Up-to-date symlink: /home/mz/ros2_ws/install/my_package/share/my_package/local_setup.bash
[0.266s] -- Up-to-date symlink: /home/mz/ros2_ws/install/my_package/share/my_package/local_setup.sh
[0.266s] -- Up-to-date symlink: /home/mz/ros2_ws/install/my_package/share/my_package/local_setup.zsh
[0.266s] -- Up-to-date symlink: /home/mz/ros2_ws/install/my_package/share/my_package/local_setup.dsv
[0.266s] -- Symlinking: /home/mz/ros2_ws/install/my_package/share/my_package/package.dsv
[0.276s] -- Up-to-date symlink: /home/mz/ros2_ws/install/my_package/share/ament_index/resource_index/packages/my_package
[0.276s] -- Up-to-date symlink: /home/mz/ros2_ws/install/my_package/share/my_package/cmake/my_packageConfig.cmake
[0.276s] -- Up-to-date symlink: /home/mz/ros2_ws/install/my_package/share/my_package/cmake/my_packageConfig-version.cmake
[0.276s] -- Up-to-date symlink: /home/mz/ros2_ws/install/my_package/share/my_package/package.xml
[0.279s] Invoked command in '/home/mz/ros2_ws/build/my_package' returned '0': CMAKE_PREFIX_PATH=${CMAKE_PREFIX_PATH}:/home/mz/ros2_ws/install/o2_sensor_pkg:/opt/ros/jazzy DEBUGINFOD_URLS=https://debuginfod.ubuntu.com /usr/bin/cmake --install /home/mz/ros2_ws/build/my_package
